[2017-08-16 22:56:54] local.ERROR: RuntimeException: The only supported ciphers are AES-128-CBC and AES-256-CBC with the correct key lengths. in /home/inferiore/Documentos/ApiHtCondor/vendor/laravel/framework/src/Illuminate/Encryption/Encrypter.php:43
Stack trace:
#0 /home/inferiore/Documentos/ApiHtCondor/vendor/laravel/framework/src/Illuminate/Encryption/EncryptionServiceProvider.php(27): Illuminate\Encryption\Encrypter->__construct('', 'AES-256-CBC')
#1 /home/inferiore/Documentos/ApiHtCondor/vendor/laravel/framework/src/Illuminate/Container/Container.php(726): Illuminate\Encryption\EncryptionServiceProvider->Illuminate\Encryption\{closure}(Object(Illuminate\Foundation\Application), Array)
#2 /home/inferiore/Documentos/ApiHtCondor/vendor/laravel/framework/src/Illuminate/Container/Container.php(608): Illuminate\Container\Container->build(Object(Closure))
#3 /home/inferiore/Documentos/ApiHtCondor/vendor/laravel/framework/src/Illuminate/Container/Container.php(575): Illuminate\Container\Container->resolve('encrypter')
#4 /home/inferiore/Documentos/ApiHtCondor/vendor/laravel/framework/src/Illuminate/Foundation/Application.php(728): Illuminate\Container\Container->make('encrypter')
#5 /home/inferiore/Documentos/ApiHtCondor/vendor/laravel/framework/src/Illuminate/Container/Container.php(862): Illuminate\Foundation\Application->make('encrypter')
#6 /home/inferiore/Documentos/ApiHtCondor/vendor/laravel/framework/src/Illuminate/Container/Container.php(790): Illuminate\Container\Container->resolveClass(Object(ReflectionParameter))
#7 /home/inferiore/Documentos/ApiHtCondor/vendor/laravel/framework/src/Illuminate/Container/Container.php(757): Illuminate\Container\Container->resolveDependencies(Array)
#8 /home/inferiore/Documentos/ApiHtCondor/vendor/laravel/framework/src/Illuminate/Container/Container.php(608): Illuminate\Container\Container->build('App\\Http\\Middle...')
#9 /home/inferiore/Documentos/ApiHtCondor/vendor/laravel/framework/src/Illuminate/Container/Container.php(575): Illuminate\Container\Container->resolve('App\\Http\\Middle...')
#10 /home/inferiore/Documentos/ApiHtCondor/vendor/laravel/framework/src/Illuminate/Foundation/Application.php(728): Illuminate\Container\Container->make('App\\Http\\Middle...')
#11 /home/inferiore/Documentos/ApiHtCondor/vendor/laravel/framework/src/Illuminate/Pipeline/Pipeline.php(138): Illuminate\Foundation\Application->make('App\\Http\\Middle...')
#12 /home/inferiore/Documentos/ApiHtCondor/vendor/laravel/framework/src/Illuminate/Routing/Pipeline.php(53): Illuminate\Pipeline\Pipeline->Illuminate\Pipeline\{closure}(Object(Illuminate\Http\Request))
#13 /home/inferiore/Documentos/ApiHtCondor/vendor/laravel/framework/src/Illuminate/Pipeline/Pipeline.php(102): Illuminate\Routing\Pipeline->Illuminate\Routing\{closure}(Object(Illuminate\Http\Request))
#14 /home/inferiore/Documentos/ApiHtCondor/vendor/laravel/framework/src/Illuminate/Routing/Router.php(576): Illuminate\Pipeline\Pipeline->then(Object(Closure))
#15 /home/inferiore/Documentos/ApiHtCondor/vendor/laravel/framework/src/Illuminate/Routing/Router.php(535): Illuminate\Routing\Router->runRouteWithinStack(Object(Illuminate\Routing\Route), Object(Illuminate\Http\Request))
#16 /home/inferiore/Documentos/ApiHtCondor/vendor/laravel/framework/src/Illuminate/Routing/Router.php(513): Illuminate\Routing\Router->dispatchToRoute(Object(Illuminate\Http\Request))
#17 /home/inferiore/Documentos/ApiHtCondor/vendor/laravel/framework/src/Illuminate/Foundation/Http/Kernel.php(176): Illuminate\Routing\Router->dispatch(Object(Illuminate\Http\Request))
#18 /home/inferiore/Documentos/ApiHtCondor/vendor/laravel/framework/src/Illuminate/Routing/Pipeline.php(30): Illuminate\Foundation\Http\Kernel->Illuminate\Foundation\Http\{closure}(Object(Illuminate\Http\Request))
#19 /home/inferiore/Documentos/ApiHtCondor/vendor/laravel/framework/src/Illuminate/Foundation/Http/Middleware/TransformsRequest.php(30): Illuminate\Routing\Pipeline->Illuminate\Routing\{closure}(Object(Illuminate\Http\Request))
#20 /home/inferiore/Documentos/ApiHtCondor/vendor/laravel/framework/src/Illuminate/Pipeline/Pipeline.php(148): Illuminate\Foundation\Http\Middleware\TransformsRequest->handle(Object(Illuminate\Http\Request), Object(Closure))
#21 /home/inferiore/Documentos/ApiHtCondor/vendor/laravel/framework/src/Illuminate/Routing/Pipeline.php(53): Illuminate\Pipeline\Pipeline->Illuminate\Pipeline\{closure}(Object(Illuminate\Http\Request))
#22 /home/inferiore/Documentos/ApiHtCondor/vendor/laravel/framework/src/Illuminate/Foundation/Http/Middleware/TransformsRequest.php(30): Illuminate\Routing\Pipeline->Illuminate\Routing\{closure}(Object(Illuminate\Http\Request))
#23 /home/inferiore/Documentos/ApiHtCondor/vendor/laravel/framework/src/Illuminate/Pipeline/Pipeline.php(148): Illuminate\Foundation\Http\Middleware\TransformsRequest->handle(Object(Illuminate\Http\Request), Object(Closure))
#24 /home/inferiore/Documentos/ApiHtCondor/vendor/laravel/framework/src/Illuminate/Routing/Pipeline.php(53): Illuminate\Pipeline\Pipeline->Illuminate\Pipeline\{closure}(Object(Illuminate\Http\Request))
#25 /home/inferiore/Documentos/ApiHtCondor/vendor/laravel/framework/src/Illuminate/Foundation/Http/Middleware/ValidatePostSize.php(27): Illuminate\Routing\Pipeline->Illuminate\Routing\{closure}(Object(Illuminate\Http\Request))
#26 /home/inferiore/Documentos/ApiHtCondor/vendor/laravel/framework/src/Illuminate/Pipeline/Pipeline.php(148): Illuminate\Foundation\Http\Middleware\ValidatePostSize->handle(Object(Illuminate\Http\Request), Object(Closure))
#27 /home/inferiore/Documentos/ApiHtCondor/vendor/laravel/framework/src/Illuminate/Routing/Pipeline.php(53): Illuminate\Pipeline\Pipeline->Illuminate\Pipeline\{closure}(Object(Illuminate\Http\Request))
#28 /home/inferiore/Documentos/ApiHtCondor/vendor/laravel/framework/src/Illuminate/Foundation/Http/Middleware/CheckForMaintenanceMode.php(46): Illuminate\Routing\Pipeline->Illuminate\Routing\{closure}(Object(Illuminate\Http\Request))
#29 /home/inferiore/Documentos/ApiHtCondor/vendor/laravel/framework/src/Illuminate/Pipeline/Pipeline.php(148): Illuminate\Foundation\Http\Middleware\CheckForMaintenanceMode->handle(Object(Illuminate\Http\Request), Object(Closure))
#30 /home/inferiore/Documentos/ApiHtCondor/vendor/laravel/framework/src/Illuminate/Routing/Pipeline.php(53): Illuminate\Pipeline\Pipeline->Illuminate\Pipeline\{closure}(Object(Illuminate\Http\Request))
#31 /home/inferiore/Documentos/ApiHtCondor/vendor/laravel/framework/src/Illuminate/Pipeline/Pipeline.php(102): Illuminate\Routing\Pipeline->Illuminate\Routing\{closure}(Object(Illuminate\Http\Request))
#32 /home/inferiore/Documentos/ApiHtCondor/vendor/laravel/framework/src/Illuminate/Foundation/Http/Kernel.php(151): Illuminate\Pipeline\Pipeline->then(Object(Closure))
#33 /home/inferiore/Documentos/ApiHtCondor/vendor/laravel/framework/src/Illuminate/Foundation/Http/Kernel.php(116): Illuminate\Foundation\Http\Kernel->sendRequestThroughRouter(Object(Illuminate\Http\Request))
#34 /home/inferiore/Documentos/ApiHtCondor/public/index.php(53): Illuminate\Foundation\Http\Kernel->handle(Object(Illuminate\Http\Request))
#35 /home/inferiore/Documentos/ApiHtCondor/server.php(21): require_once('/home/inferiore...')
#36 {main}  
[2017-08-16 22:56:54] local.ERROR: RuntimeException: The only supported ciphers are AES-128-CBC and AES-256-CBC with the correct key lengths. in /home/inferiore/Documentos/ApiHtCondor/vendor/laravel/framework/src/Illuminate/Encryption/Encrypter.php:43
Stack trace:
#0 /home/inferiore/Documentos/ApiHtCondor/vendor/laravel/framework/src/Illuminate/Encryption/EncryptionServiceProvider.php(27): Illuminate\Encryption\Encrypter->__construct('', 'AES-256-CBC')
#1 /home/inferiore/Documentos/ApiHtCondor/vendor/laravel/framework/src/Illuminate/Container/Container.php(726): Illuminate\Encryption\EncryptionServiceProvider->Illuminate\Encryption\{closure}(Object(Illuminate\Foundation\Application), Array)
#2 /home/inferiore/Documentos/ApiHtCondor/vendor/laravel/framework/src/Illuminate/Container/Container.php(608): Illuminate\Container\Container->build(Object(Closure))
#3 /home/inferiore/Documentos/ApiHtCondor/vendor/laravel/framework/src/Illuminate/Container/Container.php(575): Illuminate\Container\Container->resolve('encrypter')
#4 /home/inferiore/Documentos/ApiHtCondor/vendor/laravel/framework/src/Illuminate/Foundation/Application.php(728): Illuminate\Container\Container->make('encrypter')
#5 /home/inferiore/Documentos/ApiHtCondor/vendor/laravel/framework/src/Illuminate/Container/Container.php(862): Illuminate\Foundation\Application->make('encrypter')
#6 /home/inferiore/Documentos/ApiHtCondor/vendor/laravel/framework/src/Illuminate/Container/Container.php(790): Illuminate\Container\Container->resolveClass(Object(ReflectionParameter))
#7 /home/inferiore/Documentos/ApiHtCondor/vendor/laravel/framework/src/Illuminate/Container/Container.php(757): Illuminate\Container\Container->resolveDependencies(Array)
#8 /home/inferiore/Documentos/ApiHtCondor/vendor/laravel/framework/src/Illuminate/Container/Container.php(608): Illuminate\Container\Container->build('App\\Http\\Middle...')
#9 /home/inferiore/Documentos/ApiHtCondor/vendor/laravel/framework/src/Illuminate/Container/Container.php(575): Illuminate\Container\Container->resolve('App\\Http\\Middle...')
#10 /home/inferiore/Documentos/ApiHtCondor/vendor/laravel/framework/src/Illuminate/Foundation/Application.php(728): Illuminate\Container\Container->make('App\\Http\\Middle...')
#11 /home/inferiore/Documentos/ApiHtCondor/vendor/laravel/framework/src/Illuminate/Foundation/Http/Kernel.php(215): Illuminate\Foundation\Application->make('App\\Http\\Middle...')
#12 /home/inferiore/Documentos/ApiHtCondor/vendor/laravel/framework/src/Illuminate/Foundation/Http/Kernel.php(189): Illuminate\Foundation\Http\Kernel->terminateMiddleware(Object(Illuminate\Http\Request), Object(Illuminate\Http\Response))
#13 /home/inferiore/Documentos/ApiHtCondor/public/index.php(58): Illuminate\Foundation\Http\Kernel->terminate(Object(Illuminate\Http\Request), Object(Illuminate\Http\Response))
#14 /home/inferiore/Documentos/ApiHtCondor/server.php(21): require_once('/home/inferiore...')
#15 {main}  
[2017-08-16 22:57:18] local.ERROR: RuntimeException: The only supported ciphers are AES-128-CBC and AES-256-CBC with the correct key lengths. in /home/inferiore/Documentos/ApiHtCondor/vendor/laravel/framework/src/Illuminate/Encryption/Encrypter.php:43
Stack trace:
#0 /home/inferiore/Documentos/ApiHtCondor/vendor/laravel/framework/src/Illuminate/Encryption/EncryptionServiceProvider.php(27): Illuminate\Encryption\Encrypter->__construct('', 'AES-256-CBC')
#1 /home/inferiore/Documentos/ApiHtCondor/vendor/laravel/framework/src/Illuminate/Container/Container.php(726): Illuminate\Encryption\EncryptionServiceProvider->Illuminate\Encryption\{closure}(Object(Illuminate\Foundation\Application), Array)
#2 /home/inferiore/Documentos/ApiHtCondor/vendor/laravel/framework/src/Illuminate/Container/Container.php(608): Illuminate\Container\Container->build(Object(Closure))
#3 /home/inferiore/Documentos/ApiHtCondor/vendor/laravel/framework/src/Illuminate/Container/Container.php(575): Illuminate\Container\Container->resolve('encrypter')
#4 /home/inferiore/Documentos/ApiHtCondor/vendor/laravel/framework/src/Illuminate/Foundation/Application.php(728): Illuminate\Container\Container->make('encrypter')
#5 /home/inferiore/Documentos/ApiHtCondor/vendor/laravel/framework/src/Illuminate/Container/Container.php(862): Illuminate\Foundation\Application->make('encrypter')
#6 /home/inferiore/Documentos/ApiHtCondor/vendor/laravel/framework/src/Illuminate/Container/Container.php(790): Illuminate\Container\Container->resolveClass(Object(ReflectionParameter))
#7 /home/inferiore/Documentos/ApiHtCondor/vendor/laravel/framework/src/Illuminate/Container/Container.php(757): Illuminate\Container\Container->resolveDependencies(Array)
#8 /home/inferiore/Documentos/ApiHtCondor/vendor/laravel/framework/src/Illuminate/Container/Container.php(608): Illuminate\Container\Container->build('App\\Http\\Middle...')
#9 /home/inferiore/Documentos/ApiHtCondor/vendor/laravel/framework/src/Illuminate/Container/Container.php(575): Illuminate\Container\Container->resolve('App\\Http\\Middle...')
#10 /home/inferiore/Documentos/ApiHtCondor/vendor/laravel/framework/src/Illuminate/Foundation/Application.php(728): Illuminate\Container\Container->make('App\\Http\\Middle...')
#11 /home/inferiore/Documentos/ApiHtCondor/vendor/laravel/framework/src/Illuminate/Pipeline/Pipeline.php(138): Illuminate\Foundation\Application->make('App\\Http\\Middle...')
#12 /home/inferiore/Documentos/ApiHtCondor/vendor/laravel/framework/src/Illuminate/Routing/Pipeline.php(53): Illuminate\Pipeline\Pipeline->Illuminate\Pipeline\{closure}(Object(Illuminate\Http\Request))
#13 /home/inferiore/Documentos/ApiHtCondor/vendor/laravel/framework/src/Illuminate/Pipeline/Pipeline.php(102): Illuminate\Routing\Pipeline->Illuminate\Routing\{closure}(Object(Illuminate\Http\Request))
#14 /home/inferiore/Documentos/ApiHtCondor/vendor/laravel/framework/src/Illuminate/Routing/Router.php(576): Illuminate\Pipeline\Pipeline->then(Object(Closure))
#15 /home/inferiore/Documentos/ApiHtCondor/vendor/laravel/framework/src/Illuminate/Routing/Router.php(535): Illuminate\Routing\Router->runRouteWithinStack(Object(Illuminate\Routing\Route), Object(Illuminate\Http\Request))
#16 /home/inferiore/Documentos/ApiHtCondor/vendor/laravel/framework/src/Illuminate/Routing/Router.php(513): Illuminate\Routing\Router->dispatchToRoute(Object(Illuminate\Http\Request))
#17 /home/inferiore/Documentos/ApiHtCondor/vendor/laravel/framework/src/Illuminate/Foundation/Http/Kernel.php(176): Illuminate\Routing\Router->dispatch(Object(Illuminate\Http\Request))
#18 /home/inferiore/Documentos/ApiHtCondor/vendor/laravel/framework/src/Illuminate/Routing/Pipeline.php(30): Illuminate\Foundation\Http\Kernel->Illuminate\Foundation\Http\{closure}(Object(Illuminate\Http\Request))
#19 /home/inferiore/Documentos/ApiHtCondor/vendor/laravel/framework/src/Illuminate/Foundation/Http/Middleware/TransformsRequest.php(30): Illuminate\Routing\Pipeline->Illuminate\Routing\{closure}(Object(Illuminate\Http\Request))
#20 /home/inferiore/Documentos/ApiHtCondor/vendor/laravel/framework/src/Illuminate/Pipeline/Pipeline.php(148): Illuminate\Foundation\Http\Middleware\TransformsRequest->handle(Object(Illuminate\Http\Request), Object(Closure))
#21 /home/inferiore/Documentos/ApiHtCondor/vendor/laravel/framework/src/Illuminate/Routing/Pipeline.php(53): Illuminate\Pipeline\Pipeline->Illuminate\Pipeline\{closure}(Object(Illuminate\Http\Request))
#22 /home/inferiore/Documentos/ApiHtCondor/vendor/laravel/framework/src/Illuminate/Foundation/Http/Middleware/TransformsRequest.php(30): Illuminate\Routing\Pipeline->Illuminate\Routing\{closure}(Object(Illuminate\Http\Request))
#23 /home/inferiore/Documentos/ApiHtCondor/vendor/laravel/framework/src/Illuminate/Pipeline/Pipeline.php(148): Illuminate\Foundation\Http\Middleware\TransformsRequest->handle(Object(Illuminate\Http\Request), Object(Closure))
#24 /home/inferiore/Documentos/ApiHtCondor/vendor/laravel/framework/src/Illuminate/Routing/Pipeline.php(53): Illuminate\Pipeline\Pipeline->Illuminate\Pipeline\{closure}(Object(Illuminate\Http\Request))
#25 /home/inferiore/Documentos/ApiHtCondor/vendor/laravel/framework/src/Illuminate/Foundation/Http/Middleware/ValidatePostSize.php(27): Illuminate\Routing\Pipeline->Illuminate\Routing\{closure}(Object(Illuminate\Http\Request))
#26 /home/inferiore/Documentos/ApiHtCondor/vendor/laravel/framework/src/Illuminate/Pipeline/Pipeline.php(148): Illuminate\Foundation\Http\Middleware\ValidatePostSize->handle(Object(Illuminate\Http\Request), Object(Closure))
#27 /home/inferiore/Documentos/ApiHtCondor/vendor/laravel/framework/src/Illuminate/Routing/Pipeline.php(53): Illuminate\Pipeline\Pipeline->Illuminate\Pipeline\{closure}(Object(Illuminate\Http\Request))
#28 /home/inferiore/Documentos/ApiHtCondor/vendor/laravel/framework/src/Illuminate/Foundation/Http/Middleware/CheckForMaintenanceMode.php(46): Illuminate\Routing\Pipeline->Illuminate\Routing\{closure}(Object(Illuminate\Http\Request))
#29 /home/inferiore/Documentos/ApiHtCondor/vendor/laravel/framework/src/Illuminate/Pipeline/Pipeline.php(148): Illuminate\Foundation\Http\Middleware\CheckForMaintenanceMode->handle(Object(Illuminate\Http\Request), Object(Closure))
#30 /home/inferiore/Documentos/ApiHtCondor/vendor/laravel/framework/src/Illuminate/Routing/Pipeline.php(53): Illuminate\Pipeline\Pipeline->Illuminate\Pipeline\{closure}(Object(Illuminate\Http\Request))
#31 /home/inferiore/Documentos/ApiHtCondor/vendor/laravel/framework/src/Illuminate/Pipeline/Pipeline.php(102): Illuminate\Routing\Pipeline->Illuminate\Routing\{closure}(Object(Illuminate\Http\Request))
#32 /home/inferiore/Documentos/ApiHtCondor/vendor/laravel/framework/src/Illuminate/Foundation/Http/Kernel.php(151): Illuminate\Pipeline\Pipeline->then(Object(Closure))
#33 /home/inferiore/Documentos/ApiHtCondor/vendor/laravel/framework/src/Illuminate/Foundation/Http/Kernel.php(116): Illuminate\Foundation\Http\Kernel->sendRequestThroughRouter(Object(Illuminate\Http\Request))
#34 /home/inferiore/Documentos/ApiHtCondor/public/index.php(53): Illuminate\Foundation\Http\Kernel->handle(Object(Illuminate\Http\Request))
#35 /home/inferiore/Documentos/ApiHtCondor/server.php(21): require_once('/home/inferiore...')
#36 {main}  
[2017-08-16 22:57:18] local.ERROR: RuntimeException: The only supported ciphers are AES-128-CBC and AES-256-CBC with the correct key lengths. in /home/inferiore/Documentos/ApiHtCondor/vendor/laravel/framework/src/Illuminate/Encryption/Encrypter.php:43
Stack trace:
#0 /home/inferiore/Documentos/ApiHtCondor/vendor/laravel/framework/src/Illuminate/Encryption/EncryptionServiceProvider.php(27): Illuminate\Encryption\Encrypter->__construct('', 'AES-256-CBC')
#1 /home/inferiore/Documentos/ApiHtCondor/vendor/laravel/framework/src/Illuminate/Container/Container.php(726): Illuminate\Encryption\EncryptionServiceProvider->Illuminate\Encryption\{closure}(Object(Illuminate\Foundation\Application), Array)
#2 /home/inferiore/Documentos/ApiHtCondor/vendor/laravel/framework/src/Illuminate/Container/Container.php(608): Illuminate\Container\Container->build(Object(Closure))
#3 /home/inferiore/Documentos/ApiHtCondor/vendor/laravel/framework/src/Illuminate/Container/Container.php(575): Illuminate\Container\Container->resolve('encrypter')
#4 /home/inferiore/Documentos/ApiHtCondor/vendor/laravel/framework/src/Illuminate/Foundation/Application.php(728): Illuminate\Container\Container->make('encrypter')
#5 /home/inferiore/Documentos/ApiHtCondor/vendor/laravel/framework/src/Illuminate/Container/Container.php(862): Illuminate\Foundation\Application->make('encrypter')
#6 /home/inferiore/Documentos/ApiHtCondor/vendor/laravel/framework/src/Illuminate/Container/Container.php(790): Illuminate\Container\Container->resolveClass(Object(ReflectionParameter))
#7 /home/inferiore/Documentos/ApiHtCondor/vendor/laravel/framework/src/Illuminate/Container/Container.php(757): Illuminate\Container\Container->resolveDependencies(Array)
#8 /home/inferiore/Documentos/ApiHtCondor/vendor/laravel/framework/src/Illuminate/Container/Container.php(608): Illuminate\Container\Container->build('App\\Http\\Middle...')
#9 /home/inferiore/Documentos/ApiHtCondor/vendor/laravel/framework/src/Illuminate/Container/Container.php(575): Illuminate\Container\Container->resolve('App\\Http\\Middle...')
#10 /home/inferiore/Documentos/ApiHtCondor/vendor/laravel/framework/src/Illuminate/Foundation/Application.php(728): Illuminate\Container\Container->make('App\\Http\\Middle...')
#11 /home/inferiore/Documentos/ApiHtCondor/vendor/laravel/framework/src/Illuminate/Foundation/Http/Kernel.php(215): Illuminate\Foundation\Application->make('App\\Http\\Middle...')
#12 /home/inferiore/Documentos/ApiHtCondor/vendor/laravel/framework/src/Illuminate/Foundation/Http/Kernel.php(189): Illuminate\Foundation\Http\Kernel->terminateMiddleware(Object(Illuminate\Http\Request), Object(Illuminate\Http\Response))
#13 /home/inferiore/Documentos/ApiHtCondor/public/index.php(58): Illuminate\Foundation\Http\Kernel->terminate(Object(Illuminate\Http\Request), Object(Illuminate\Http\Response))
#14 /home/inferiore/Documentos/ApiHtCondor/server.php(21): require_once('/home/inferiore...')
#15 {main}  
[2017-08-16 22:57:54] local.ERROR: RuntimeException: The only supported ciphers are AES-128-CBC and AES-256-CBC with the correct key lengths. in /home/inferiore/Documentos/ApiHtCondor/vendor/laravel/framework/src/Illuminate/Encryption/Encrypter.php:43
Stack trace:
#0 /home/inferiore/Documentos/ApiHtCondor/vendor/laravel/framework/src/Illuminate/Encryption/EncryptionServiceProvider.php(27): Illuminate\Encryption\Encrypter->__construct('', 'AES-256-CBC')
#1 /home/inferiore/Documentos/ApiHtCondor/vendor/laravel/framework/src/Illuminate/Container/Container.php(726): Illuminate\Encryption\EncryptionServiceProvider->Illuminate\Encryption\{closure}(Object(Illuminate\Foundation\Application), Array)
#2 /home/inferiore/Documentos/ApiHtCondor/vendor/laravel/framework/src/Illuminate/Container/Container.php(608): Illuminate\Container\Container->build(Object(Closure))
#3 /home/inferiore/Documentos/ApiHtCondor/vendor/laravel/framework/src/Illuminate/Container/Container.php(575): Illuminate\Container\Container->resolve('encrypter')
#4 /home/inferiore/Documentos/ApiHtCondor/vendor/laravel/framework/src/Illuminate/Foundation/Application.php(728): Illuminate\Container\Container->make('encrypter')
#5 /home/inferiore/Documentos/ApiHtCondor/vendor/laravel/framework/src/Illuminate/Container/Container.php(862): Illuminate\Foundation\Application->make('encrypter')
#6 /home/inferiore/Documentos/ApiHtCondor/vendor/laravel/framework/src/Illuminate/Container/Container.php(790): Illuminate\Container\Container->resolveClass(Object(ReflectionParameter))
#7 /home/inferiore/Documentos/ApiHtCondor/vendor/laravel/framework/src/Illuminate/Container/Container.php(757): Illuminate\Container\Container->resolveDependencies(Array)
#8 /home/inferiore/Documentos/ApiHtCondor/vendor/laravel/framework/src/Illuminate/Container/Container.php(608): Illuminate\Container\Container->build('App\\Http\\Middle...')
#9 /home/inferiore/Documentos/ApiHtCondor/vendor/laravel/framework/src/Illuminate/Container/Container.php(575): Illuminate\Container\Container->resolve('App\\Http\\Middle...')
#10 /home/inferiore/Documentos/ApiHtCondor/vendor/laravel/framework/src/Illuminate/Foundation/Application.php(728): Illuminate\Container\Container->make('App\\Http\\Middle...')
#11 /home/inferiore/Documentos/ApiHtCondor/vendor/laravel/framework/src/Illuminate/Pipeline/Pipeline.php(138): Illuminate\Foundation\Application->make('App\\Http\\Middle...')
#12 /home/inferiore/Documentos/ApiHtCondor/vendor/laravel/framework/src/Illuminate/Routing/Pipeline.php(53): Illuminate\Pipeline\Pipeline->Illuminate\Pipeline\{closure}(Object(Illuminate\Http\Request))
#13 /home/inferiore/Documentos/ApiHtCondor/vendor/laravel/framework/src/Illuminate/Pipeline/Pipeline.php(102): Illuminate\Routing\Pipeline->Illuminate\Routing\{closure}(Object(Illuminate\Http\Request))
#14 /home/inferiore/Documentos/ApiHtCondor/vendor/laravel/framework/src/Illuminate/Routing/Router.php(576): Illuminate\Pipeline\Pipeline->then(Object(Closure))
#15 /home/inferiore/Documentos/ApiHtCondor/vendor/laravel/framework/src/Illuminate/Routing/Router.php(535): Illuminate\Routing\Router->runRouteWithinStack(Object(Illuminate\Routing\Route), Object(Illuminate\Http\Request))
#16 /home/inferiore/Documentos/ApiHtCondor/vendor/laravel/framework/src/Illuminate/Routing/Router.php(513): Illuminate\Routing\Router->dispatchToRoute(Object(Illuminate\Http\Request))
#17 /home/inferiore/Documentos/ApiHtCondor/vendor/laravel/framework/src/Illuminate/Foundation/Http/Kernel.php(176): Illuminate\Routing\Router->dispatch(Object(Illuminate\Http\Request))
#18 /home/inferiore/Documentos/ApiHtCondor/vendor/laravel/framework/src/Illuminate/Routing/Pipeline.php(30): Illuminate\Foundation\Http\Kernel->Illuminate\Foundation\Http\{closure}(Object(Illuminate\Http\Request))
#19 /home/inferiore/Documentos/ApiHtCondor/vendor/laravel/framework/src/Illuminate/Foundation/Http/Middleware/TransformsRequest.php(30): Illuminate\Routing\Pipeline->Illuminate\Routing\{closure}(Object(Illuminate\Http\Request))
#20 /home/inferiore/Documentos/ApiHtCondor/vendor/laravel/framework/src/Illuminate/Pipeline/Pipeline.php(148): Illuminate\Foundation\Http\Middleware\TransformsRequest->handle(Object(Illuminate\Http\Request), Object(Closure))
#21 /home/inferiore/Documentos/ApiHtCondor/vendor/laravel/framework/src/Illuminate/Routing/Pipeline.php(53): Illuminate\Pipeline\Pipeline->Illuminate\Pipeline\{closure}(Object(Illuminate\Http\Request))
#22 /home/inferiore/Documentos/ApiHtCondor/vendor/laravel/framework/src/Illuminate/Foundation/Http/Middleware/TransformsRequest.php(30): Illuminate\Routing\Pipeline->Illuminate\Routing\{closure}(Object(Illuminate\Http\Request))
#23 /home/inferiore/Documentos/ApiHtCondor/vendor/laravel/framework/src/Illuminate/Pipeline/Pipeline.php(148): Illuminate\Foundation\Http\Middleware\TransformsRequest->handle(Object(Illuminate\Http\Request), Object(Closure))
#24 /home/inferiore/Documentos/ApiHtCondor/vendor/laravel/framework/src/Illuminate/Routing/Pipeline.php(53): Illuminate\Pipeline\Pipeline->Illuminate\Pipeline\{closure}(Object(Illuminate\Http\Request))
#25 /home/inferiore/Documentos/ApiHtCondor/vendor/laravel/framework/src/Illuminate/Foundation/Http/Middleware/ValidatePostSize.php(27): Illuminate\Routing\Pipeline->Illuminate\Routing\{closure}(Object(Illuminate\Http\Request))
#26 /home/inferiore/Documentos/ApiHtCondor/vendor/laravel/framework/src/Illuminate/Pipeline/Pipeline.php(148): Illuminate\Foundation\Http\Middleware\ValidatePostSize->handle(Object(Illuminate\Http\Request), Object(Closure))
#27 /home/inferiore/Documentos/ApiHtCondor/vendor/laravel/framework/src/Illuminate/Routing/Pipeline.php(53): Illuminate\Pipeline\Pipeline->Illuminate\Pipeline\{closure}(Object(Illuminate\Http\Request))
#28 /home/inferiore/Documentos/ApiHtCondor/vendor/laravel/framework/src/Illuminate/Foundation/Http/Middleware/CheckForMaintenanceMode.php(46): Illuminate\Routing\Pipeline->Illuminate\Routing\{closure}(Object(Illuminate\Http\Request))
#29 /home/inferiore/Documentos/ApiHtCondor/vendor/laravel/framework/src/Illuminate/Pipeline/Pipeline.php(148): Illuminate\Foundation\Http\Middleware\CheckForMaintenanceMode->handle(Object(Illuminate\Http\Request), Object(Closure))
#30 /home/inferiore/Documentos/ApiHtCondor/vendor/laravel/framework/src/Illuminate/Routing/Pipeline.php(53): Illuminate\Pipeline\Pipeline->Illuminate\Pipeline\{closure}(Object(Illuminate\Http\Request))
#31 /home/inferiore/Documentos/ApiHtCondor/vendor/laravel/framework/src/Illuminate/Pipeline/Pipeline.php(102): Illuminate\Routing\Pipeline->Illuminate\Routing\{closure}(Object(Illuminate\Http\Request))
#32 /home/inferiore/Documentos/ApiHtCondor/vendor/laravel/framework/src/Illuminate/Foundation/Http/Kernel.php(151): Illuminate\Pipeline\Pipeline->then(Object(Closure))
#33 /home/inferiore/Documentos/ApiHtCondor/vendor/laravel/framework/src/Illuminate/Foundation/Http/Kernel.php(116): Illuminate\Foundation\Http\Kernel->sendRequestThroughRouter(Object(Illuminate\Http\Request))
#34 /home/inferiore/Documentos/ApiHtCondor/public/index.php(53): Illuminate\Foundation\Http\Kernel->handle(Object(Illuminate\Http\Request))
#35 /home/inferiore/Documentos/ApiHtCondor/server.php(21): require_once('/home/inferiore...')
#36 {main}  
[2017-08-16 22:57:54] local.ERROR: RuntimeException: The only supported ciphers are AES-128-CBC and AES-256-CBC with the correct key lengths. in /home/inferiore/Documentos/ApiHtCondor/vendor/laravel/framework/src/Illuminate/Encryption/Encrypter.php:43
Stack trace:
#0 /home/inferiore/Documentos/ApiHtCondor/vendor/laravel/framework/src/Illuminate/Encryption/EncryptionServiceProvider.php(27): Illuminate\Encryption\Encrypter->__construct('', 'AES-256-CBC')
#1 /home/inferiore/Documentos/ApiHtCondor/vendor/laravel/framework/src/Illuminate/Container/Container.php(726): Illuminate\Encryption\EncryptionServiceProvider->Illuminate\Encryption\{closure}(Object(Illuminate\Foundation\Application), Array)
#2 /home/inferiore/Documentos/ApiHtCondor/vendor/laravel/framework/src/Illuminate/Container/Container.php(608): Illuminate\Container\Container->build(Object(Closure))
#3 /home/inferiore/Documentos/ApiHtCondor/vendor/laravel/framework/src/Illuminate/Container/Container.php(575): Illuminate\Container\Container->resolve('encrypter')
#4 /home/inferiore/Documentos/ApiHtCondor/vendor/laravel/framework/src/Illuminate/Foundation/Application.php(728): Illuminate\Container\Container->make('encrypter')
#5 /home/inferiore/Documentos/ApiHtCondor/vendor/laravel/framework/src/Illuminate/Container/Container.php(862): Illuminate\Foundation\Application->make('encrypter')
#6 /home/inferiore/Documentos/ApiHtCondor/vendor/laravel/framework/src/Illuminate/Container/Container.php(790): Illuminate\Container\Container->resolveClass(Object(ReflectionParameter))
#7 /home/inferiore/Documentos/ApiHtCondor/vendor/laravel/framework/src/Illuminate/Container/Container.php(757): Illuminate\Container\Container->resolveDependencies(Array)
#8 /home/inferiore/Documentos/ApiHtCondor/vendor/laravel/framework/src/Illuminate/Container/Container.php(608): Illuminate\Container\Container->build('App\\Http\\Middle...')
#9 /home/inferiore/Documentos/ApiHtCondor/vendor/laravel/framework/src/Illuminate/Container/Container.php(575): Illuminate\Container\Container->resolve('App\\Http\\Middle...')
#10 /home/inferiore/Documentos/ApiHtCondor/vendor/laravel/framework/src/Illuminate/Foundation/Application.php(728): Illuminate\Container\Container->make('App\\Http\\Middle...')
#11 /home/inferiore/Documentos/ApiHtCondor/vendor/laravel/framework/src/Illuminate/Foundation/Http/Kernel.php(215): Illuminate\Foundation\Application->make('App\\Http\\Middle...')
#12 /home/inferiore/Documentos/ApiHtCondor/vendor/laravel/framework/src/Illuminate/Foundation/Http/Kernel.php(189): Illuminate\Foundation\Http\Kernel->terminateMiddleware(Object(Illuminate\Http\Request), Object(Illuminate\Http\Response))
#13 /home/inferiore/Documentos/ApiHtCondor/public/index.php(58): Illuminate\Foundation\Http\Kernel->terminate(Object(Illuminate\Http\Request), Object(Illuminate\Http\Response))
#14 /home/inferiore/Documentos/ApiHtCondor/server.php(21): require_once('/home/inferiore...')
#15 {main}  
[2017-08-16 22:58:16] local.ERROR: RuntimeException: The only supported ciphers are AES-128-CBC and AES-256-CBC with the correct key lengths. in /home/inferiore/Documentos/ApiHtCondor/vendor/laravel/framework/src/Illuminate/Encryption/Encrypter.php:43
Stack trace:
#0 /home/inferiore/Documentos/ApiHtCondor/vendor/laravel/framework/src/Illuminate/Encryption/EncryptionServiceProvider.php(27): Illuminate\Encryption\Encrypter->__construct('', 'AES-256-CBC')
#1 /home/inferiore/Documentos/ApiHtCondor/vendor/laravel/framework/src/Illuminate/Container/Container.php(726): Illuminate\Encryption\EncryptionServiceProvider->Illuminate\Encryption\{closure}(Object(Illuminate\Foundation\Application), Array)
#2 /home/inferiore/Documentos/ApiHtCondor/vendor/laravel/framework/src/Illuminate/Container/Container.php(608): Illuminate\Container\Container->build(Object(Closure))
#3 /home/inferiore/Documentos/ApiHtCondor/vendor/laravel/framework/src/Illuminate/Container/Container.php(575): Illuminate\Container\Container->resolve('encrypter')
#4 /home/inferiore/Documentos/ApiHtCondor/vendor/laravel/framework/src/Illuminate/Foundation/Application.php(728): Illuminate\Container\Container->make('encrypter')
#5 /home/inferiore/Documentos/ApiHtCondor/vendor/laravel/framework/src/Illuminate/Container/Container.php(862): Illuminate\Foundation\Application->make('encrypter')
#6 /home/inferiore/Documentos/ApiHtCondor/vendor/laravel/framework/src/Illuminate/Container/Container.php(790): Illuminate\Container\Container->resolveClass(Object(ReflectionParameter))
#7 /home/inferiore/Documentos/ApiHtCondor/vendor/laravel/framework/src/Illuminate/Container/Container.php(757): Illuminate\Container\Container->resolveDependencies(Array)
#8 /home/inferiore/Documentos/ApiHtCondor/vendor/laravel/framework/src/Illuminate/Container/Container.php(608): Illuminate\Container\Container->build('App\\Http\\Middle...')
#9 /home/inferiore/Documentos/ApiHtCondor/vendor/laravel/framework/src/Illuminate/Container/Container.php(575): Illuminate\Container\Container->resolve('App\\Http\\Middle...')
#10 /home/inferiore/Documentos/ApiHtCondor/vendor/laravel/framework/src/Illuminate/Foundation/Application.php(728): Illuminate\Container\Container->make('App\\Http\\Middle...')
#11 /home/inferiore/Documentos/ApiHtCondor/vendor/laravel/framework/src/Illuminate/Pipeline/Pipeline.php(138): Illuminate\Foundation\Application->make('App\\Http\\Middle...')
#12 /home/inferiore/Documentos/ApiHtCondor/vendor/laravel/framework/src/Illuminate/Routing/Pipeline.php(53): Illuminate\Pipeline\Pipeline->Illuminate\Pipeline\{closure}(Object(Illuminate\Http\Request))
#13 /home/inferiore/Documentos/ApiHtCondor/vendor/laravel/framework/src/Illuminate/Pipeline/Pipeline.php(102): Illuminate\Routing\Pipeline->Illuminate\Routing\{closure}(Object(Illuminate\Http\Request))
#14 /home/inferiore/Documentos/ApiHtCondor/vendor/laravel/framework/src/Illuminate/Routing/Router.php(576): Illuminate\Pipeline\Pipeline->then(Object(Closure))
#15 /home/inferiore/Documentos/ApiHtCondor/vendor/laravel/framework/src/Illuminate/Routing/Router.php(535): Illuminate\Routing\Router->runRouteWithinStack(Object(Illuminate\Routing\Route), Object(Illuminate\Http\Request))
#16 /home/inferiore/Documentos/ApiHtCondor/vendor/laravel/framework/src/Illuminate/Routing/Router.php(513): Illuminate\Routing\Router->dispatchToRoute(Object(Illuminate\Http\Request))
#17 /home/inferiore/Documentos/ApiHtCondor/vendor/laravel/framework/src/Illuminate/Foundation/Http/Kernel.php(176): Illuminate\Routing\Router->dispatch(Object(Illuminate\Http\Request))
#18 /home/inferiore/Documentos/ApiHtCondor/vendor/laravel/framework/src/Illuminate/Routing/Pipeline.php(30): Illuminate\Foundation\Http\Kernel->Illuminate\Foundation\Http\{closure}(Object(Illuminate\Http\Request))
#19 /home/inferiore/Documentos/ApiHtCondor/vendor/laravel/framework/src/Illuminate/Foundation/Http/Middleware/TransformsRequest.php(30): Illuminate\Routing\Pipeline->Illuminate\Routing\{closure}(Object(Illuminate\Http\Request))
#20 /home/inferiore/Documentos/ApiHtCondor/vendor/laravel/framework/src/Illuminate/Pipeline/Pipeline.php(148): Illuminate\Foundation\Http\Middleware\TransformsRequest->handle(Object(Illuminate\Http\Request), Object(Closure))
#21 /home/inferiore/Documentos/ApiHtCondor/vendor/laravel/framework/src/Illuminate/Routing/Pipeline.php(53): Illuminate\Pipeline\Pipeline->Illuminate\Pipeline\{closure}(Object(Illuminate\Http\Request))
#22 /home/inferiore/Documentos/ApiHtCondor/vendor/laravel/framework/src/Illuminate/Foundation/Http/Middleware/TransformsRequest.php(30): Illuminate\Routing\Pipeline->Illuminate\Routing\{closure}(Object(Illuminate\Http\Request))
#23 /home/inferiore/Documentos/ApiHtCondor/vendor/laravel/framework/src/Illuminate/Pipeline/Pipeline.php(148): Illuminate\Foundation\Http\Middleware\TransformsRequest->handle(Object(Illuminate\Http\Request), Object(Closure))
#24 /home/inferiore/Documentos/ApiHtCondor/vendor/laravel/framework/src/Illuminate/Routing/Pipeline.php(53): Illuminate\Pipeline\Pipeline->Illuminate\Pipeline\{closure}(Object(Illuminate\Http\Request))
#25 /home/inferiore/Documentos/ApiHtCondor/vendor/laravel/framework/src/Illuminate/Foundation/Http/Middleware/ValidatePostSize.php(27): Illuminate\Routing\Pipeline->Illuminate\Routing\{closure}(Object(Illuminate\Http\Request))
#26 /home/inferiore/Documentos/ApiHtCondor/vendor/laravel/framework/src/Illuminate/Pipeline/Pipeline.php(148): Illuminate\Foundation\Http\Middleware\ValidatePostSize->handle(Object(Illuminate\Http\Request), Object(Closure))
#27 /home/inferiore/Documentos/ApiHtCondor/vendor/laravel/framework/src/Illuminate/Routing/Pipeline.php(53): Illuminate\Pipeline\Pipeline->Illuminate\Pipeline\{closure}(Object(Illuminate\Http\Request))
#28 /home/inferiore/Documentos/ApiHtCondor/vendor/laravel/framework/src/Illuminate/Foundation/Http/Middleware/CheckForMaintenanceMode.php(46): Illuminate\Routing\Pipeline->Illuminate\Routing\{closure}(Object(Illuminate\Http\Request))
#29 /home/inferiore/Documentos/ApiHtCondor/vendor/laravel/framework/src/Illuminate/Pipeline/Pipeline.php(148): Illuminate\Foundation\Http\Middleware\CheckForMaintenanceMode->handle(Object(Illuminate\Http\Request), Object(Closure))
#30 /home/inferiore/Documentos/ApiHtCondor/vendor/laravel/framework/src/Illuminate/Routing/Pipeline.php(53): Illuminate\Pipeline\Pipeline->Illuminate\Pipeline\{closure}(Object(Illuminate\Http\Request))
#31 /home/inferiore/Documentos/ApiHtCondor/vendor/laravel/framework/src/Illuminate/Pipeline/Pipeline.php(102): Illuminate\Routing\Pipeline->Illuminate\Routing\{closure}(Object(Illuminate\Http\Request))
#32 /home/inferiore/Documentos/ApiHtCondor/vendor/laravel/framework/src/Illuminate/Foundation/Http/Kernel.php(151): Illuminate\Pipeline\Pipeline->then(Object(Closure))
#33 /home/inferiore/Documentos/ApiHtCondor/vendor/laravel/framework/src/Illuminate/Foundation/Http/Kernel.php(116): Illuminate\Foundation\Http\Kernel->sendRequestThroughRouter(Object(Illuminate\Http\Request))
#34 /home/inferiore/Documentos/ApiHtCondor/public/index.php(53): Illuminate\Foundation\Http\Kernel->handle(Object(Illuminate\Http\Request))
#35 /home/inferiore/Documentos/ApiHtCondor/server.php(21): require_once('/home/inferiore...')
#36 {main}  
[2017-08-16 22:58:16] local.ERROR: RuntimeException: The only supported ciphers are AES-128-CBC and AES-256-CBC with the correct key lengths. in /home/inferiore/Documentos/ApiHtCondor/vendor/laravel/framework/src/Illuminate/Encryption/Encrypter.php:43
Stack trace:
#0 /home/inferiore/Documentos/ApiHtCondor/vendor/laravel/framework/src/Illuminate/Encryption/EncryptionServiceProvider.php(27): Illuminate\Encryption\Encrypter->__construct('', 'AES-256-CBC')
#1 /home/inferiore/Documentos/ApiHtCondor/vendor/laravel/framework/src/Illuminate/Container/Container.php(726): Illuminate\Encryption\EncryptionServiceProvider->Illuminate\Encryption\{closure}(Object(Illuminate\Foundation\Application), Array)
#2 /home/inferiore/Documentos/ApiHtCondor/vendor/laravel/framework/src/Illuminate/Container/Container.php(608): Illuminate\Container\Container->build(Object(Closure))
#3 /home/inferiore/Documentos/ApiHtCondor/vendor/laravel/framework/src/Illuminate/Container/Container.php(575): Illuminate\Container\Container->resolve('encrypter')
#4 /home/inferiore/Documentos/ApiHtCondor/vendor/laravel/framework/src/Illuminate/Foundation/Application.php(728): Illuminate\Container\Container->make('encrypter')
#5 /home/inferiore/Documentos/ApiHtCondor/vendor/laravel/framework/src/Illuminate/Container/Container.php(862): Illuminate\Foundation\Application->make('encrypter')
#6 /home/inferiore/Documentos/ApiHtCondor/vendor/laravel/framework/src/Illuminate/Container/Container.php(790): Illuminate\Container\Container->resolveClass(Object(ReflectionParameter))
#7 /home/inferiore/Documentos/ApiHtCondor/vendor/laravel/framework/src/Illuminate/Container/Container.php(757): Illuminate\Container\Container->resolveDependencies(Array)
#8 /home/inferiore/Documentos/ApiHtCondor/vendor/laravel/framework/src/Illuminate/Container/Container.php(608): Illuminate\Container\Container->build('App\\Http\\Middle...')
#9 /home/inferiore/Documentos/ApiHtCondor/vendor/laravel/framework/src/Illuminate/Container/Container.php(575): Illuminate\Container\Container->resolve('App\\Http\\Middle...')
#10 /home/inferiore/Documentos/ApiHtCondor/vendor/laravel/framework/src/Illuminate/Foundation/Application.php(728): Illuminate\Container\Container->make('App\\Http\\Middle...')
#11 /home/inferiore/Documentos/ApiHtCondor/vendor/laravel/framework/src/Illuminate/Foundation/Http/Kernel.php(215): Illuminate\Foundation\Application->make('App\\Http\\Middle...')
#12 /home/inferiore/Documentos/ApiHtCondor/vendor/laravel/framework/src/Illuminate/Foundation/Http/Kernel.php(189): Illuminate\Foundation\Http\Kernel->terminateMiddleware(Object(Illuminate\Http\Request), Object(Illuminate\Http\Response))
#13 /home/inferiore/Documentos/ApiHtCondor/public/index.php(58): Illuminate\Foundation\Http\Kernel->terminate(Object(Illuminate\Http\Request), Object(Illuminate\Http\Response))
#14 /home/inferiore/Documentos/ApiHtCondor/server.php(21): require_once('/home/inferiore...')
#15 {main}  
[2017-08-16 22:59:07] local.ERROR: ErrorException: file_get_contents(/home/inferiore/Documentos/ApiHtCondor/.env): failed to open stream: No such file or directory in /home/inferiore/Documentos/ApiHtCondor/vendor/laravel/framework/src/Illuminate/Foundation/Console/KeyGenerateCommand.php:95
Stack trace:
#0 [internal function]: Illuminate\Foundation\Bootstrap\HandleExceptions->handleError(2, 'file_get_conten...', '/home/inferiore...', 95, Array)
#1 /home/inferiore/Documentos/ApiHtCondor/vendor/laravel/framework/src/Illuminate/Foundation/Console/KeyGenerateCommand.php(95): file_get_contents('/home/inferiore...')
#2 /home/inferiore/Documentos/ApiHtCondor/vendor/laravel/framework/src/Illuminate/Foundation/Console/KeyGenerateCommand.php(79): Illuminate\Foundation\Console\KeyGenerateCommand->writeNewEnvironmentFileWith('base64:fJTHVImQ...')
#3 /home/inferiore/Documentos/ApiHtCondor/vendor/laravel/framework/src/Illuminate/Foundation/Console/KeyGenerateCommand.php(44): Illuminate\Foundation\Console\KeyGenerateCommand->setKeyInEnvironmentFile('base64:fJTHVImQ...')
#4 [internal function]: Illuminate\Foundation\Console\KeyGenerateCommand->fire()
#5 /home/inferiore/Documentos/ApiHtCondor/vendor/laravel/framework/src/Illuminate/Container/BoundMethod.php(29): call_user_func_array(Array, Array)
#6 /home/inferiore/Documentos/ApiHtCondor/vendor/laravel/framework/src/Illuminate/Container/BoundMethod.php(87): Illuminate\Container\BoundMethod::Illuminate\Container\{closure}()
#7 /home/inferiore/Documentos/ApiHtCondor/vendor/laravel/framework/src/Illuminate/Container/BoundMethod.php(31): Illuminate\Container\BoundMethod::callBoundMethod(Object(Illuminate\Foundation\Application), Array, Object(Closure))
#8 /home/inferiore/Documentos/ApiHtCondor/vendor/laravel/framework/src/Illuminate/Container/Container.php(539): Illuminate\Container\BoundMethod::call(Object(Illuminate\Foundation\Application), Array, Array, NULL)
#9 /home/inferiore/Documentos/ApiHtCondor/vendor/laravel/framework/src/Illuminate/Console/Command.php(182): Illuminate\Container\Container->call(Array)
#10 /home/inferiore/Documentos/ApiHtCondor/vendor/symfony/console/Command/Command.php(264): Illuminate\Console\Command->execute(Object(Symfony\Component\Console\Input\ArgvInput), Object(Illuminate\Console\OutputStyle))
#11 /home/inferiore/Documentos/ApiHtCondor/vendor/laravel/framework/src/Illuminate/Console/Command.php(167): Symfony\Component\Console\Command\Command->run(Object(Symfony\Component\Console\Input\ArgvInput), Object(Illuminate\Console\OutputStyle))
#12 /home/inferiore/Documentos/ApiHtCondor/vendor/symfony/console/Application.php(874): Illuminate\Console\Command->run(Object(Symfony\Component\Console\Input\ArgvInput), Object(Symfony\Component\Console\Output\ConsoleOutput))
#13 /home/inferiore/Documentos/ApiHtCondor/vendor/symfony/console/Application.php(228): Symfony\Component\Console\Application->doRunCommand(Object(Illuminate\Foundation\Console\KeyGenerateCommand), Object(Symfony\Component\Console\Input\ArgvInput), Object(Symfony\Component\Console\Output\ConsoleOutput))
#14 /home/inferiore/Documentos/ApiHtCondor/vendor/symfony/console/Application.php(130): Symfony\Component\Console\Application->doRun(Object(Symfony\Component\Console\Input\ArgvInput), Object(Symfony\Component\Console\Output\ConsoleOutput))
#15 /home/inferiore/Documentos/ApiHtCondor/vendor/laravel/framework/src/Illuminate/Foundation/Console/Kernel.php(122): Symfony\Component\Console\Application->run(Object(Symfony\Component\Console\Input\ArgvInput), Object(Symfony\Component\Console\Output\ConsoleOutput))
#16 /home/inferiore/Documentos/ApiHtCondor/artisan(35): Illuminate\Foundation\Console\Kernel->handle(Object(Symfony\Component\Console\Input\ArgvInput), Object(Symfony\Component\Console\Output\ConsoleOutput))
#17 {main}  
[2017-08-16 23:07:29] local.ERROR: RuntimeException: The only supported ciphers are AES-128-CBC and AES-256-CBC with the correct key lengths. in /home/inferiore/Documentos/ApiHtCondor/vendor/laravel/framework/src/Illuminate/Encryption/Encrypter.php:43
Stack trace:
#0 /home/inferiore/Documentos/ApiHtCondor/vendor/laravel/framework/src/Illuminate/Encryption/EncryptionServiceProvider.php(27): Illuminate\Encryption\Encrypter->__construct('', 'AES-256-CBC')
#1 /home/inferiore/Documentos/ApiHtCondor/vendor/laravel/framework/src/Illuminate/Container/Container.php(726): Illuminate\Encryption\EncryptionServiceProvider->Illuminate\Encryption\{closure}(Object(Illuminate\Foundation\Application), Array)
#2 /home/inferiore/Documentos/ApiHtCondor/vendor/laravel/framework/src/Illuminate/Container/Container.php(608): Illuminate\Container\Container->build(Object(Closure))
#3 /home/inferiore/Documentos/ApiHtCondor/vendor/laravel/framework/src/Illuminate/Container/Container.php(575): Illuminate\Container\Container->resolve('encrypter')
#4 /home/inferiore/Documentos/ApiHtCondor/vendor/laravel/framework/src/Illuminate/Foundation/Application.php(728): Illuminate\Container\Container->make('encrypter')
#5 /home/inferiore/Documentos/ApiHtCondor/vendor/laravel/framework/src/Illuminate/Container/Container.php(862): Illuminate\Foundation\Application->make('encrypter')
#6 /home/inferiore/Documentos/ApiHtCondor/vendor/laravel/framework/src/Illuminate/Container/Container.php(790): Illuminate\Container\Container->resolveClass(Object(ReflectionParameter))
#7 /home/inferiore/Documentos/ApiHtCondor/vendor/laravel/framework/src/Illuminate/Container/Container.php(757): Illuminate\Container\Container->resolveDependencies(Array)
#8 /home/inferiore/Documentos/ApiHtCondor/vendor/laravel/framework/src/Illuminate/Container/Container.php(608): Illuminate\Container\Container->build('App\\Http\\Middle...')
#9 /home/inferiore/Documentos/ApiHtCondor/vendor/laravel/framework/src/Illuminate/Container/Container.php(575): Illuminate\Container\Container->resolve('App\\Http\\Middle...')
#10 /home/inferiore/Documentos/ApiHtCondor/vendor/laravel/framework/src/Illuminate/Foundation/Application.php(728): Illuminate\Container\Container->make('App\\Http\\Middle...')
#11 /home/inferiore/Documentos/ApiHtCondor/vendor/laravel/framework/src/Illuminate/Pipeline/Pipeline.php(138): Illuminate\Foundation\Application->make('App\\Http\\Middle...')
#12 /home/inferiore/Documentos/ApiHtCondor/vendor/laravel/framework/src/Illuminate/Routing/Pipeline.php(53): Illuminate\Pipeline\Pipeline->Illuminate\Pipeline\{closure}(Object(Illuminate\Http\Request))
#13 /home/inferiore/Documentos/ApiHtCondor/vendor/laravel/framework/src/Illuminate/Pipeline/Pipeline.php(102): Illuminate\Routing\Pipeline->Illuminate\Routing\{closure}(Object(Illuminate\Http\Request))
#14 /home/inferiore/Documentos/ApiHtCondor/vendor/laravel/framework/src/Illuminate/Routing/Router.php(576): Illuminate\Pipeline\Pipeline->then(Object(Closure))
#15 /home/inferiore/Documentos/ApiHtCondor/vendor/laravel/framework/src/Illuminate/Routing/Router.php(535): Illuminate\Routing\Router->runRouteWithinStack(Object(Illuminate\Routing\Route), Object(Illuminate\Http\Request))
#16 /home/inferiore/Documentos/ApiHtCondor/vendor/laravel/framework/src/Illuminate/Routing/Router.php(513): Illuminate\Routing\Router->dispatchToRoute(Object(Illuminate\Http\Request))
#17 /home/inferiore/Documentos/ApiHtCondor/vendor/laravel/framework/src/Illuminate/Foundation/Http/Kernel.php(176): Illuminate\Routing\Router->dispatch(Object(Illuminate\Http\Request))
#18 /home/inferiore/Documentos/ApiHtCondor/vendor/laravel/framework/src/Illuminate/Routing/Pipeline.php(30): Illuminate\Foundation\Http\Kernel->Illuminate\Foundation\Http\{closure}(Object(Illuminate\Http\Request))
#19 /home/inferiore/Documentos/ApiHtCondor/vendor/laravel/framework/src/Illuminate/Foundation/Http/Middleware/TransformsRequest.php(30): Illuminate\Routing\Pipeline->Illuminate\Routing\{closure}(Object(Illuminate\Http\Request))
#20 /home/inferiore/Documentos/ApiHtCondor/vendor/laravel/framework/src/Illuminate/Pipeline/Pipeline.php(148): Illuminate\Foundation\Http\Middleware\TransformsRequest->handle(Object(Illuminate\Http\Request), Object(Closure))
#21 /home/inferiore/Documentos/ApiHtCondor/vendor/laravel/framework/src/Illuminate/Routing/Pipeline.php(53): Illuminate\Pipeline\Pipeline->Illuminate\Pipeline\{closure}(Object(Illuminate\Http\Request))
#22 /home/inferiore/Documentos/ApiHtCondor/vendor/laravel/framework/src/Illuminate/Foundation/Http/Middleware/TransformsRequest.php(30): Illuminate\Routing\Pipeline->Illuminate\Routing\{closure}(Object(Illuminate\Http\Request))
#23 /home/inferiore/Documentos/ApiHtCondor/vendor/laravel/framework/src/Illuminate/Pipeline/Pipeline.php(148): Illuminate\Foundation\Http\Middleware\TransformsRequest->handle(Object(Illuminate\Http\Request), Object(Closure))
#24 /home/inferiore/Documentos/ApiHtCondor/vendor/laravel/framework/src/Illuminate/Routing/Pipeline.php(53): Illuminate\Pipeline\Pipeline->Illuminate\Pipeline\{closure}(Object(Illuminate\Http\Request))
#25 /home/inferiore/Documentos/ApiHtCondor/vendor/laravel/framework/src/Illuminate/Foundation/Http/Middleware/ValidatePostSize.php(27): Illuminate\Routing\Pipeline->Illuminate\Routing\{closure}(Object(Illuminate\Http\Request))
#26 /home/inferiore/Documentos/ApiHtCondor/vendor/laravel/framework/src/Illuminate/Pipeline/Pipeline.php(148): Illuminate\Foundation\Http\Middleware\ValidatePostSize->handle(Object(Illuminate\Http\Request), Object(Closure))
#27 /home/inferiore/Documentos/ApiHtCondor/vendor/laravel/framework/src/Illuminate/Routing/Pipeline.php(53): Illuminate\Pipeline\Pipeline->Illuminate\Pipeline\{closure}(Object(Illuminate\Http\Request))
#28 /home/inferiore/Documentos/ApiHtCondor/vendor/laravel/framework/src/Illuminate/Foundation/Http/Middleware/CheckForMaintenanceMode.php(46): Illuminate\Routing\Pipeline->Illuminate\Routing\{closure}(Object(Illuminate\Http\Request))
#29 /home/inferiore/Documentos/ApiHtCondor/vendor/laravel/framework/src/Illuminate/Pipeline/Pipeline.php(148): Illuminate\Foundation\Http\Middleware\CheckForMaintenanceMode->handle(Object(Illuminate\Http\Request), Object(Closure))
#30 /home/inferiore/Documentos/ApiHtCondor/vendor/laravel/framework/src/Illuminate/Routing/Pipeline.php(53): Illuminate\Pipeline\Pipeline->Illuminate\Pipeline\{closure}(Object(Illuminate\Http\Request))
#31 /home/inferiore/Documentos/ApiHtCondor/vendor/laravel/framework/src/Illuminate/Pipeline/Pipeline.php(102): Illuminate\Routing\Pipeline->Illuminate\Routing\{closure}(Object(Illuminate\Http\Request))
#32 /home/inferiore/Documentos/ApiHtCondor/vendor/laravel/framework/src/Illuminate/Foundation/Http/Kernel.php(151): Illuminate\Pipeline\Pipeline->then(Object(Closure))
#33 /home/inferiore/Documentos/ApiHtCondor/vendor/laravel/framework/src/Illuminate/Foundation/Http/Kernel.php(116): Illuminate\Foundation\Http\Kernel->sendRequestThroughRouter(Object(Illuminate\Http\Request))
#34 /home/inferiore/Documentos/ApiHtCondor/public/index.php(53): Illuminate\Foundation\Http\Kernel->handle(Object(Illuminate\Http\Request))
#35 /home/inferiore/Documentos/ApiHtCondor/server.php(21): require_once('/home/inferiore...')
#36 {main}  
[2017-08-16 23:07:29] local.ERROR: RuntimeException: The only supported ciphers are AES-128-CBC and AES-256-CBC with the correct key lengths. in /home/inferiore/Documentos/ApiHtCondor/vendor/laravel/framework/src/Illuminate/Encryption/Encrypter.php:43
Stack trace:
#0 /home/inferiore/Documentos/ApiHtCondor/vendor/laravel/framework/src/Illuminate/Encryption/EncryptionServiceProvider.php(27): Illuminate\Encryption\Encrypter->__construct('', 'AES-256-CBC')
#1 /home/inferiore/Documentos/ApiHtCondor/vendor/laravel/framework/src/Illuminate/Container/Container.php(726): Illuminate\Encryption\EncryptionServiceProvider->Illuminate\Encryption\{closure}(Object(Illuminate\Foundation\Application), Array)
#2 /home/inferiore/Documentos/ApiHtCondor/vendor/laravel/framework/src/Illuminate/Container/Container.php(608): Illuminate\Container\Container->build(Object(Closure))
#3 /home/inferiore/Documentos/ApiHtCondor/vendor/laravel/framework/src/Illuminate/Container/Container.php(575): Illuminate\Container\Container->resolve('encrypter')
#4 /home/inferiore/Documentos/ApiHtCondor/vendor/laravel/framework/src/Illuminate/Foundation/Application.php(728): Illuminate\Container\Container->make('encrypter')
#5 /home/inferiore/Documentos/ApiHtCondor/vendor/laravel/framework/src/Illuminate/Container/Container.php(862): Illuminate\Foundation\Application->make('encrypter')
#6 /home/inferiore/Documentos/ApiHtCondor/vendor/laravel/framework/src/Illuminate/Container/Container.php(790): Illuminate\Container\Container->resolveClass(Object(ReflectionParameter))
#7 /home/inferiore/Documentos/ApiHtCondor/vendor/laravel/framework/src/Illuminate/Container/Container.php(757): Illuminate\Container\Container->resolveDependencies(Array)
#8 /home/inferiore/Documentos/ApiHtCondor/vendor/laravel/framework/src/Illuminate/Container/Container.php(608): Illuminate\Container\Container->build('App\\Http\\Middle...')
#9 /home/inferiore/Documentos/ApiHtCondor/vendor/laravel/framework/src/Illuminate/Container/Container.php(575): Illuminate\Container\Container->resolve('App\\Http\\Middle...')
#10 /home/inferiore/Documentos/ApiHtCondor/vendor/laravel/framework/src/Illuminate/Foundation/Application.php(728): Illuminate\Container\Container->make('App\\Http\\Middle...')
#11 /home/inferiore/Documentos/ApiHtCondor/vendor/laravel/framework/src/Illuminate/Foundation/Http/Kernel.php(215): Illuminate\Foundation\Application->make('App\\Http\\Middle...')
#12 /home/inferiore/Documentos/ApiHtCondor/vendor/laravel/framework/src/Illuminate/Foundation/Http/Kernel.php(189): Illuminate\Foundation\Http\Kernel->terminateMiddleware(Object(Illuminate\Http\Request), Object(Illuminate\Http\Response))
#13 /home/inferiore/Documentos/ApiHtCondor/public/index.php(58): Illuminate\Foundation\Http\Kernel->terminate(Object(Illuminate\Http\Request), Object(Illuminate\Http\Response))
#14 /home/inferiore/Documentos/ApiHtCondor/server.php(21): require_once('/home/inferiore...')
#15 {main}  
